SF:lib/core/errors/failures.dart
DA:6,77
DA:8,0
DA:9,0
DA:13,43
DA:17,53
DA:21,39
DA:25,0
LF:7
LH:4
end_of_record
SF:lib/core/usecases/usecase.dart
DA:10,2
DA:11,2
LF:2
LH:2
end_of_record
SF:lib/features/products/domain/entities/product.dart
DA:12,16
DA:22,1
DA:31,1
DA:32,0
DA:33,1
DA:34,1
DA:35,1
DA:36,1
DA:37,1
DA:38,1
DA:42,2
DA:43,16
DA:50,15
DA:55,1
DA:56,3
LF:15
LH:14
end_of_record
SF:lib/features/products/domain/usecases/get_products.dart
DA:11,1
DA:13,1
DA:15,2
LF:3
LH:3
end_of_record
SF:lib/features/products/domain/usecases/get_categories.dart
DA:8,1
DA:10,1
DA:12,2
LF:3
LH:3
end_of_record
SF:lib/features/products/presentation/screens/product_detail_screen.dart
DA:12,1
DA:14,1
DA:16,3
DA:17,1
DA:19,2
DA:20,3
DA:22,2
DA:23,6
DA:26,1
DA:27,1
DA:28,2
DA:30,1
DA:31,1
DA:33,1
DA:35,1
DA:36,1
DA:40,1
DA:41,1
DA:42,1
DA:43,2
DA:45,1
DA:46,2
DA:48,1
DA:55,1
DA:56,2
DA:57,1
DA:60,1
DA:61,4
DA:62,2
DA:63,1
DA:67,1
DA:68,1
DA:69,2
DA:70,1
DA:71,5
DA:72,1
DA:74,1
DA:75,1
DA:76,7
DA:77,1
DA:82,3
DA:84,1
DA:85,2
DA:86,2
DA:88,1
DA:91,1
DA:93,1
DA:94,2
DA:95,2
DA:96,1
DA:97,1
DA:98,1
DA:99,3
DA:100,3
DA:106,1
DA:108,1
DA:109,1
DA:111,0
DA:113,1
DA:115,1
DA:116,2
DA:117,1
DA:120,1
DA:122,6
LF:64
LH:63
end_of_record
SF:lib/features/cart/presentation/viewmodels/cart_viewmodel.dart
DA:15,36
DA:16,12
DA:17,0
DA:18,2
DA:19,0
DA:20,0
DA:29,2
DA:31,1
DA:32,3
DA:33,1
DA:34,0
DA:35,4
DA:39,1
DA:40,2
DA:41,1
DA:44,1
DA:45,3
DA:46,1
DA:49,1
DA:50,3
DA:51,1
LF:21
LH:17
end_of_record
SF:lib/features/cart/presentation/providers/cart_providers.dart
DA:11,0
DA:12,0
DA:13,0
DA:14,0
DA:17,0
DA:18,0
DA:19,0
DA:20,0
DA:22,18
DA:23,0
DA:24,0
DA:25,0
DA:26,0
DA:27,0
LF:14
LH:1
end_of_record
SF:lib/features/cart/domain/entities/cart_item.dart
DA:7,10
DA:9,0
DA:11,1
DA:12,3
LF:4
LH:3
end_of_record
SF:lib/core/widgets/custom_loading.dart
DA:5,69
DA:9,3
DA:11,9
DA:12,3
DA:13,3
DA:14,3
LF:6
LH:6
end_of_record
SF:lib/features/cart/data/gateways/cart_local_gateway.dart
DA:15,1
DA:17,7
DA:18,2
DA:19,2
DA:20,3
DA:21,1
DA:22,2
DA:25,3
DA:29,1
DA:31,2
DA:34,1
DA:36,6
DA:39,1
DA:41,6
DA:42,2
DA:43,1
DA:44,5
DA:46,1
DA:51,1
DA:53,2
LF:20
LH:20
end_of_record
SF:lib/features/cart/data/models/cart_item_model.dart
DA:5,3
DA:11,1
DA:15,1
DA:16,1
DA:17,0
LF:5
LH:4
end_of_record
SF:lib/features/cart/data/repositories/cart_repository_impl.dart
DA:11,1
DA:13,1
DA:16,2
DA:17,1
DA:23,1
DA:26,2
DA:33,1
DA:36,2
DA:43,1
DA:46,2
LF:10
LH:10
end_of_record
SF:lib/features/cart/domain/usescases/add_product_to_cart.dart
DA:9,1
DA:10,1
DA:11,2
LF:3
LH:3
end_of_record
SF:lib/features/cart/domain/usescases/clear_cart.dart
DA:8,1
DA:9,1
DA:10,2
LF:3
LH:3
end_of_record
SF:lib/features/cart/domain/usescases/get_cart_items.dart
DA:9,1
DA:10,1
DA:11,2
LF:3
LH:3
end_of_record
SF:lib/features/cart/domain/usescases/update_product_quantity.dart
DA:9,1
DA:10,1
DA:11,4
DA:16,3
DA:17,1
DA:18,3
LF:6
LH:6
end_of_record
SF:lib/features/products/presentation/viewmodels/product_viewmodel.dart
DA:19,22
DA:29,1
DA:31,1
DA:42,1
DA:43,1
DA:44,1
DA:45,1
DA:46,1
DA:47,1
DA:48,1
DA:49,1
DA:53,0
DA:54,0
DA:63,3
DA:65,1
DA:66,1
DA:67,1
DA:68,3
DA:70,2
DA:71,3
DA:72,3
DA:75,1
DA:76,1
DA:78,1
DA:79,0
DA:80,1
DA:81,1
DA:82,5
DA:83,1
DA:84,3
DA:95,1
DA:98,1
DA:99,3
DA:100,1
DA:103,1
DA:104,3
DA:105,1
DA:108,1
DA:109,3
DA:111,2
DA:112,7
DA:115,3
DA:116,3
DA:117,2
DA:118,3
DA:119,3
DA:120,1
DA:123,3
LF:48
LH:45
end_of_record
SF:lib/features/auth/data/gateways/auth_local_gateway.dart
DA:17,1
DA:19,1
DA:21,2
DA:22,2
DA:25,1
DA:27,2
DA:28,2
DA:31,2
DA:37,1
DA:39,4
DA:40,2
LF:11
LH:11
end_of_record
SF:lib/features/auth/data/models/user_model.dart
DA:4,5
DA:13,2
DA:14,2
DA:15,2
DA:16,2
DA:17,2
DA:18,2
DA:19,4
DA:20,4
DA:24,1
DA:25,1
DA:26,1
DA:27,1
DA:28,1
DA:29,1
DA:30,1
DA:31,1
DA:32,1
LF:18
LH:18
end_of_record
SF:lib/features/auth/data/gateways/auth_remote_gateway.dart
DA:16,1
DA:18,1
DA:20,1
DA:24,3
DA:25,1
DA:26,1
DA:27,1
DA:28,0
DA:29,1
DA:30,1
DA:34,0
DA:36,0
DA:37,0
DA:38,0
DA:39,0
DA:40,0
DA:41,0
DA:42,0
DA:44,0
DA:49,1
DA:51,1
DA:52,1
DA:53,1
DA:54,1
DA:56,3
DA:60,1
DA:61,2
DA:62,1
DA:66,1
DA:68,3
DA:69,1
DA:70,2
DA:71,1
DA:72,2
LF:34
LH:24
end_of_record
SF:lib/features/auth/domain/usescases/register_user.dart
DA:11,1
DA:13,1
DA:15,2
DA:24,5
DA:30,1
DA:31,4
LF:6
LH:6
end_of_record
SF:lib/features/auth/domain/entities/user.dart
DA:11,9
DA:20,0
DA:22,2
DA:23,12
LF:4
LH:3
end_of_record
SF:lib/features/auth/data/repositories/auth_repository_impl.dart
DA:14,1
DA:19,1
DA:22,2
DA:23,2
DA:24,2
DA:25,1
DA:26,1
DA:31,0
DA:38,1
DA:41,2
DA:43,1
DA:52,1
DA:55,2
DA:62,1
DA:65,2
DA:66,2
DA:67,4
DA:68,2
DA:69,1
DA:70,1
LF:20
LH:19
end_of_record
SF:lib/features/auth/domain/usescases/check_auth_status.dart
DA:9,1
DA:11,1
DA:13,2
LF:3
LH:3
end_of_record
SF:lib/features/auth/domain/usescases/login_user.dart
DA:11,1
DA:13,1
DA:15,4
DA:23,3
DA:25,1
DA:26,3
LF:6
LH:6
end_of_record
SF:lib/features/auth/domain/usescases/logout_user.dart
DA:8,1
DA:10,1
DA:12,2
LF:3
LH:3
end_of_record
SF:lib/features/auth/presentation/providers/auth_providers.dart
DA:14,0
DA:15,0
DA:18,0
DA:22,0
DA:23,0
DA:26,0
DA:27,0
DA:30,0
DA:31,0
DA:32,0
DA:33,0
DA:38,0
DA:39,0
DA:42,0
DA:43,0
DA:46,0
DA:47,0
DA:50,0
DA:51,0
DA:54,12
DA:55,0
DA:56,0
DA:57,0
DA:58,0
DA:59,0
LF:25
LH:1
end_of_record
SF:lib/features/auth/presentation/viewmodels/auth_viewmodel.dart
DA:17,22
DA:23,4
DA:25,1
DA:32,1
DA:33,0
DA:34,1
DA:35,1
DA:39,0
DA:40,0
DA:49,1
DA:54,2
DA:55,1
DA:58,1
DA:59,3
DA:60,1
DA:61,4
DA:62,4
DA:66,1
DA:67,4
DA:68,0
DA:71,3
DA:72,1
DA:73,2
DA:75,1
DA:76,1
DA:77,4
DA:78,3
DA:80,4
DA:84,1
DA:85,3
DA:86,3
DA:89,1
DA:95,3
DA:96,2
DA:97,1
DA:98,1
DA:99,1
DA:101,1
DA:102,3
DA:106,3
DA:107,1
DA:108,2
DA:110,1
DA:111,5
DA:112,4
DA:116,1
DA:120,2
DA:121,1
DA:122,1
LF:49
LH:45
end_of_record
SF:lib/features/cart/presentation/screens/cart_screen.dart
DA:7,20
DA:8,1
DA:10,2
DA:11,3
DA:12,3
DA:13,1
DA:15,1
DA:16,1
DA:18,1
DA:19,2
DA:20,1
DA:22,1
DA:23,1
DA:25,1
DA:26,1
DA:27,1
DA:29,1
DA:31,1
DA:33,1
DA:35,1
DA:36,1
DA:38,0
DA:39,0
DA:42,1
DA:44,1
DA:45,2
DA:46,1
DA:57,2
DA:58,1
DA:59,1
DA:61,1
DA:64,1
DA:65,1
DA:66,1
DA:67,1
DA:68,2
DA:69,1
DA:70,2
DA:71,1
DA:72,3
DA:73,3
DA:74,5
DA:75,1
DA:77,1
DA:78,1
DA:80,6
DA:82,4
DA:83,1
DA:85,6
LF:49
LH:47
end_of_record
SF:lib/features/cart/presentation/widgets/cart_icon_badge.dart
DA:8,20
DA:10,3
DA:12,15
DA:13,9
DA:14,3
DA:16,3
DA:18,3
DA:20,3
DA:21,3
DA:22,3
DA:24,3
DA:27,0
DA:28,0
DA:31,3
DA:32,1
DA:35,1
DA:37,1
DA:38,1
DA:39,1
DA:44,1
DA:45,1
DA:46,3
LF:22
LH:20
end_of_record
SF:lib/features/products/data/gateways/product_remote_gateway.dart
DA:12,1
DA:14,1
DA:16,3
DA:18,1
DA:19,1
DA:20,1
DA:21,1
DA:23,1
DA:25,1
DA:27,4
DA:28,1
LF:11
LH:11
end_of_record
SF:lib/features/products/data/models/product_model.dart
DA:4,3
DA:14,1
DA:15,1
DA:16,1
DA:17,1
DA:18,2
DA:19,1
DA:20,1
DA:21,1
DA:22,2
DA:26,0
DA:27,0
DA:28,0
DA:29,0
DA:30,0
DA:31,0
DA:32,0
DA:33,0
DA:34,0
DA:40,3
DA:45,1
DA:46,1
DA:47,2
DA:48,1
DA:52,0
DA:53,0
DA:54,0
DA:55,0
LF:28
LH:15
end_of_record
SF:lib/features/products/data/repositories/product_repository_impl.dart
DA:11,1
DA:15,1
DA:18,2
DA:19,1
DA:20,1
DA:24,1
DA:29,1
DA:31,1
DA:33,1
DA:34,2
DA:35,1
DA:36,5
DA:37,1
LF:13
LH:13
end_of_record
SF:lib/features/products/presentation/providers/product_providers.dart
DA:11,0
DA:12,0
DA:13,0
DA:16,0
DA:17,0
DA:18,0
DA:21,0
DA:22,0
DA:23,0
DA:26,0
DA:27,0
DA:28,0
DA:31,6
DA:32,0
DA:33,0
DA:34,0
LF:16
LH:1
end_of_record
SF:lib/features/products/presentation/screens/products_screen.dart
DA:13,2
DA:15,2
DA:16,2
DA:21,2
DA:23,2
DA:24,6
DA:25,6
DA:26,4
DA:27,10
DA:32,2
DA:34,4
DA:35,2
DA:38,2
DA:40,6
DA:41,8
DA:42,6
DA:43,2
DA:45,2
DA:46,2
DA:48,2
DA:50,2
DA:52,2
DA:53,2
DA:55,0
DA:56,0
DA:57,0
DA:60,2
DA:61,0
DA:63,0
DA:64,0
DA:66,0
DA:67,0
DA:71,0
DA:84,2
DA:85,2
DA:86,2
DA:88,2
DA:89,2
DA:90,2
DA:91,2
DA:93,1
DA:94,5
DA:98,2
DA:100,2
DA:102,2
DA:103,2
DA:104,8
DA:105,2
DA:106,2
DA:107,0
DA:110,6
DA:112,1
DA:113,4
DA:114,1
DA:115,2
DA:116,2
DA:125,4
DA:131,2
DA:132,8
DA:133,2
DA:134,2
DA:138,2
DA:139,1
DA:140,1
DA:142,1
DA:143,3
DA:145,1
DA:146,0
DA:147,0
DA:156,4
DA:157,2
DA:158,2
DA:160,2
DA:165,1
DA:166,0
DA:167,1
DA:168,1
DA:169,1
DA:177,2
DA:178,1
DA:179,2
DA:180,1
LF:82
LH:69
end_of_record
SF:lib/features/products/presentation/widgets/product_card.dart
DA:13,2
DA:15,2
DA:17,6
DA:18,2
DA:20,4
DA:21,6
DA:23,4
DA:24,6
DA:26,2
DA:29,0
DA:30,0
DA:31,0
DA:32,0
DA:36,2
DA:37,4
DA:38,2
DA:42,2
DA:43,2
DA:45,2
DA:46,2
DA:48,2
DA:49,2
DA:50,4
DA:52,2
DA:56,1
DA:62,2
DA:64,2
DA:66,2
DA:69,2
DA:70,2
DA:71,4
DA:72,2
DA:76,2
DA:77,8
DA:78,2
DA:81,2
DA:83,3
DA:85,1
DA:87,1
DA:88,1
DA:90,0
DA:92,1
DA:93,1
DA:94,2
DA:95,3
DA:99,1
DA:101,6
LF:47
LH:42
end_of_record
SF:lib/features/support/presentation/screens/support_screen.dart
DA:5,20
DA:7,1
DA:9,3
DA:10,1
DA:12,1
DA:16,1
DA:18,1
DA:19,1
DA:21,1
DA:24,1
DA:26,1
DA:29,1
DA:30,2
DA:31,2
DA:33,0
DA:36,1
DA:37,2
DA:38,2
DA:40,0
DA:43,1
DA:44,2
DA:45,2
DA:47,0
LF:23
LH:20
end_of_record
SF:lib/features/auth/presentation/screens/register_screen.dart
DA:10,3
DA:12,1
DA:13,1
DA:21,1
DA:23,2
DA:24,2
DA:25,2
DA:26,1
DA:29,1
DA:30,5
DA:31,2
DA:32,2
DA:33,2
DA:37,1
DA:39,3
DA:40,0
DA:41,0
DA:45,3
DA:46,2
DA:48,1
DA:52,1
DA:53,0
DA:54,1
DA:55,1
DA:56,1
DA:67,1
DA:69,1
DA:70,1
DA:71,1
DA:76,1
DA:77,1
DA:81,1
DA:82,1
LF:33
LH:30
end_of_record
SF:lib/features/auth/presentation/screens/login_screen.dart
DA:9,2
DA:11,2
DA:12,2
DA:19,2
DA:21,4
DA:22,4
DA:23,2
DA:26,2
DA:28,6
DA:29,2
DA:30,6
DA:31,4
DA:33,2
DA:34,1
DA:35,5
DA:36,2
DA:37,2
DA:43,0
DA:44,0
DA:45,0
DA:48,2
DA:49,2
DA:50,2
DA:53,2
DA:54,2
DA:56,2
DA:58,2
DA:60,2
DA:63,2
DA:65,2
DA:68,2
DA:71,2
LF:32
LH:29
end_of_record
SF:lib/features/auth/presentation/screens/auth_wrapper_screen.dart
DA:11,1
DA:13,1
DA:15,3
DA:16,3
DA:17,3
DA:18,2
DA:19,1
DA:21,2
DA:22,1
DA:26,4
DA:27,2
DA:28,1
DA:30,1
DA:36,2
DA:38,1
DA:39,1
DA:41,1
DA:42,1
DA:44,1
DA:45,0
LF:20
LH:19
end_of_record
