SF:lib/core/errors/failures.dart
DA:6,15
DA:8,0
DA:9,0
DA:13,12
DA:17,9
DA:21,9
DA:25,0
LF:7
LH:4
end_of_record
SF:lib/core/usecases/usecase.dart
DA:10,0
DA:11,0
LF:2
LH:0
end_of_record
SF:lib/features/products/domain/entities/product.dart
DA:12,5
DA:22,1
DA:23,8
DA:30,5
DA:35,1
DA:36,3
LF:6
LH:6
end_of_record
SF:lib/features/products/domain/usecases/get_products.dart
DA:11,1
DA:13,1
DA:15,2
LF:3
LH:3
end_of_record
SF:lib/features/products/domain/usecases/get_categories.dart
DA:8,1
DA:10,1
DA:12,2
LF:3
LH:3
end_of_record
SF:lib/features/products/presentation/viewmodels/product_viewmodel.dart
DA:19,2
DA:29,1
DA:31,1
DA:42,1
DA:43,1
DA:44,1
DA:45,1
DA:46,1
DA:47,1
DA:48,1
DA:49,1
DA:53,0
DA:54,0
DA:63,3
DA:65,1
DA:66,1
DA:67,1
DA:68,3
DA:70,2
DA:71,3
DA:72,3
DA:75,1
DA:76,1
DA:78,1
DA:79,0
DA:80,1
DA:81,1
DA:82,5
DA:83,1
DA:84,3
DA:95,1
DA:98,1
DA:99,3
DA:100,1
DA:103,1
DA:104,3
DA:105,1
DA:108,1
DA:109,3
DA:111,2
DA:112,7
DA:115,3
DA:116,3
DA:117,2
DA:118,3
DA:119,3
DA:120,1
DA:123,3
LF:48
LH:45
end_of_record
SF:lib/features/products/data/gateways/product_remote_gateway.dart
DA:12,1
DA:14,1
DA:16,3
DA:18,1
DA:19,1
DA:20,1
DA:21,1
DA:23,1
DA:25,1
DA:27,4
DA:28,1
LF:11
LH:11
end_of_record
SF:lib/features/products/data/models/product_model.dart
DA:4,3
DA:14,1
DA:15,1
DA:16,1
DA:17,1
DA:18,2
DA:19,1
DA:20,1
DA:21,1
DA:22,2
DA:26,0
DA:27,0
DA:28,0
DA:29,0
DA:30,0
DA:31,0
DA:32,0
DA:33,0
DA:34,0
DA:40,3
DA:45,1
DA:46,1
DA:47,2
DA:48,1
DA:52,0
DA:53,0
DA:54,0
DA:55,0
LF:28
LH:15
end_of_record
SF:lib/features/auth/data/gateways/auth_local_gateway.dart
DA:17,0
DA:19,0
DA:21,0
DA:22,0
DA:25,0
DA:27,0
DA:28,0
DA:31,0
DA:37,0
DA:39,0
DA:40,0
LF:11
LH:0
end_of_record
SF:lib/features/auth/data/models/user_model.dart
DA:4,1
DA:13,0
DA:14,0
DA:15,0
DA:16,0
DA:17,0
DA:18,0
DA:19,0
DA:20,0
DA:24,0
DA:25,0
DA:26,0
DA:27,0
DA:28,0
DA:29,0
DA:30,0
DA:31,0
DA:32,0
LF:18
LH:1
end_of_record
SF:lib/features/auth/data/gateways/auth_remote_gateway.dart
DA:16,0
DA:18,0
DA:20,0
DA:24,0
DA:25,0
DA:26,0
DA:27,0
DA:28,0
DA:29,0
DA:30,0
DA:34,0
DA:36,0
DA:37,0
DA:38,0
DA:39,0
DA:40,0
DA:41,0
DA:42,0
DA:44,0
DA:49,0
DA:51,0
DA:52,0
DA:53,0
DA:54,0
DA:56,0
DA:60,0
DA:61,0
DA:62,0
DA:66,0
DA:68,0
DA:69,0
DA:70,0
DA:71,0
DA:72,0
LF:34
LH:0
end_of_record
SF:lib/features/auth/domain/usescases/register_user.dart
DA:11,1
DA:13,1
DA:15,2
DA:24,2
DA:30,0
DA:31,0
LF:6
LH:4
end_of_record
SF:lib/features/auth/domain/entities/user.dart
DA:11,4
DA:20,0
DA:22,0
DA:23,0
LF:4
LH:1
end_of_record
SF:lib/features/auth/data/repositories/auth_repository_impl.dart
DA:14,1
DA:19,1
DA:22,2
DA:23,2
DA:24,2
DA:25,1
DA:26,1
DA:31,0
DA:38,1
DA:41,2
DA:43,1
DA:52,1
DA:55,2
DA:62,1
DA:65,2
DA:66,2
DA:67,4
DA:68,2
DA:69,1
DA:70,1
LF:20
LH:19
end_of_record
SF:lib/features/products/data/repositories/product_repository_impl.dart
DA:11,1
DA:15,1
DA:18,2
DA:19,1
DA:20,1
DA:24,1
DA:29,1
DA:31,1
DA:33,1
DA:34,2
DA:35,1
DA:36,5
DA:37,1
LF:13
LH:13
end_of_record
SF:lib/features/auth/domain/usescases/logout_user.dart
DA:8,1
DA:10,1
DA:12,2
LF:3
LH:3
end_of_record
SF:lib/features/auth/domain/usescases/login_user.dart
DA:11,1
DA:13,1
DA:15,4
DA:23,1
DA:25,0
DA:26,0
LF:6
LH:4
end_of_record
SF:lib/features/auth/domain/usescases/check_auth_status.dart
DA:9,1
DA:11,1
DA:13,2
LF:3
LH:3
end_of_record
